<?xml version="1.0" encoding="UTF-8"?>
<!-- Generated by org.testng.reporters.JUnitReportReporter -->
<testsuite hostname="imd" name="pck.RecrutamentoFuncionarioTest" tests="8" failures="0" timestamp="10 Mar 2015 21:03:44 GMT" time="0.016" errors="0">
  <testcase name="f" time="0.001" classname="pck.RecrutamentoFuncionarioTest"/>
  <testcase name="f" time="0.001" classname="pck.RecrutamentoFuncionarioTest"/>
  <testcase name="f" time="0.011" classname="pck.RecrutamentoFuncionarioTest"/>
  <testcase name="f1" time="0.000" classname="pck.RecrutamentoFuncionarioTest"/>
  <testcase name="f1" time="0.001" classname="pck.RecrutamentoFuncionarioTest"/>
  <testcase name="f" time="0.001" classname="pck.RecrutamentoFuncionarioTest"/>
  <testcase name="f" time="0.001" classname="pck.RecrutamentoFuncionarioTest"/>
  <testcase name="f1" time="0.000" classname="pck.RecrutamentoFuncionarioTest"/>
</testsuite> <!-- pck.RecrutamentoFuncionarioTest -->
