<?xml version="1.0" encoding="UTF-8"?>
<!-- Generated by org.testng.reporters.JUnitReportReporter -->
<testsuite hostname="imd" name="test.DutoPetroleTestNG" tests="7" failures="0" timestamp="14 Mar 2015 13:51:08 GMT" time="0.014" errors="0">
  <testcase name="f" time="0.001" classname="test.DutoPetroleTestNG"/>
  <testcase name="f" time="0.001" classname="test.DutoPetroleTestNG"/>
  <testcase name="f" time="0.001" classname="test.DutoPetroleTestNG"/>
  <testcase name="f" time="0.001" classname="test.DutoPetroleTestNG"/>
  <testcase name="f" time="0.001" classname="test.DutoPetroleTestNG"/>
  <testcase name="f" time="0.008" classname="test.DutoPetroleTestNG"/>
  <testcase name="f" time="0.001" classname="test.DutoPetroleTestNG"/>
</testsuite> <!-- test.DutoPetroleTestNG -->
